<?xml version="1.0" encoding="UTF-8"?>
<!-- Generated by org.testng.reporters.JUnitXMLReporter -->
<testsuite ignored="0" hostname="DESKTOP-P86CKT6" failures="1" tests="1" name="Test" time="10.388" errors="0" timestamp="2022-01-22T16:11:34 IST">
  <testcase classname="practice.Sample_ScreenShot" name="ContactsTest" time="3.733">
    <failure type="java.lang.AssertionError" message="expected [B] but found [A]">
      <![CDATA[java.lang.AssertionError: expected [B] but found [A]
at practice.Sample_ScreenShot.ContactsTest(Sample_ScreenShot.java:19)
at java.base/java.util.ArrayList.forEach(ArrayList.java:1511)
... Removed 33 stack frames]]>
    </failure>
  </testcase> <!-- ContactsTest -->
</testsuite> <!-- Test -->
